[2021-06-04 09:02:18] local.ERROR: Please provide a valid cache path. {"exception":"[object] (InvalidArgumentException(code: 0): Please provide a valid cache path. at /Users/yugasun/Desktop/Develop/serverless/tencent-http-examples/laravel/vendor/laravel/framework/src/Illuminate/View/Compilers/Compiler.php:36)
[stacktrace]
#0 /Users/yugasun/Desktop/Develop/serverless/tencent-http-examples/laravel/vendor/laravel/framework/src/Illuminate/View/ViewServiceProvider.php(91): Illuminate\\View\\Compilers\\Compiler->__construct(Object(Illuminate\\Filesystem\\Filesystem), false)
#1 /Users/yugasun/Desktop/Develop/serverless/tencent-http-examples/laravel/vendor/laravel/framework/src/Illuminate/Container/Container.php(805): Illuminate\\View\\ViewServiceProvider->Illuminate\\View\\{closure}(Object(Illuminate\\Foundation\\Application), Array)
#2 /Users/yugasun/Desktop/Develop/serverless/tencent-http-examples/laravel/vendor/laravel/framework/src/Illuminate/Container/Container.php(691): Illuminate\\Container\\Container->build(Object(Closure))
#3 /Users/yugasun/Desktop/Develop/serverless/tencent-http-examples/laravel/vendor/laravel/framework/src/Illuminate/Foundation/Application.php(796): Illuminate\\Container\\Container->resolve('blade.compiler', Array, true)
#4 /Users/yugasun/Desktop/Develop/serverless/tencent-http-examples/laravel/vendor/laravel/framework/src/Illuminate/Container/Container.php(637): Illuminate\\Foundation\\Application->resolve('blade.compiler', Array)
#5 /Users/yugasun/Desktop/Develop/serverless/tencent-http-examples/laravel/vendor/laravel/framework/src/Illuminate/Foundation/Application.php(781): Illuminate\\Container\\Container->make('blade.compiler', Array)
#6 /Users/yugasun/Desktop/Develop/serverless/tencent-http-examples/laravel/vendor/laravel/framework/src/Illuminate/Container/Container.php(1284): Illuminate\\Foundation\\Application->make('blade.compiler')
#7 /Users/yugasun/Desktop/Develop/serverless/tencent-http-examples/laravel/vendor/laravel/framework/src/Illuminate/View/ViewServiceProvider.php(151): Illuminate\\Container\\Container->offsetGet('blade.compiler')
#8 [internal function]: Illuminate\\View\\ViewServiceProvider->Illuminate\\View\\{closure}()
#9 /Users/yugasun/Desktop/Develop/serverless/tencent-http-examples/laravel/vendor/laravel/framework/src/Illuminate/View/Engines/EngineResolver.php(55): call_user_func(Object(Closure))
#10 /Users/yugasun/Desktop/Develop/serverless/tencent-http-examples/laravel/vendor/facade/ignition/src/IgnitionServiceProvider.php(389): Illuminate\\View\\Engines\\EngineResolver->resolve('blade')
#11 /Users/yugasun/Desktop/Develop/serverless/tencent-http-examples/laravel/vendor/facade/ignition/src/IgnitionServiceProvider.php(125): Facade\\Ignition\\IgnitionServiceProvider->hasCustomViewEnginesRegistered()
#12 /Users/yugasun/Desktop/Develop/serverless/tencent-http-examples/laravel/vendor/facade/ignition/src/IgnitionServiceProvider.php(84): Facade\\Ignition\\IgnitionServiceProvider->registerViewEngines()
#13 /Users/yugasun/Desktop/Develop/serverless/tencent-http-examples/laravel/vendor/laravel/framework/src/Illuminate/Container/BoundMethod.php(36): Facade\\Ignition\\IgnitionServiceProvider->boot()
#14 /Users/yugasun/Desktop/Develop/serverless/tencent-http-examples/laravel/vendor/laravel/framework/src/Illuminate/Container/Util.php(37): Illuminate\\Container\\BoundMethod::Illuminate\\Container\\{closure}()
#15 /Users/yugasun/Desktop/Develop/serverless/tencent-http-examples/laravel/vendor/laravel/framework/src/Illuminate/Container/BoundMethod.php(93): Illuminate\\Container\\Util::unwrapIfClosure(Object(Closure))
#16 /Users/yugasun/Desktop/Develop/serverless/tencent-http-examples/laravel/vendor/laravel/framework/src/Illuminate/Container/BoundMethod.php(37): Illuminate\\Container\\BoundMethod::callBoundMethod(Object(Illuminate\\Foundation\\Application), Array, Object(Closure))
#17 /Users/yugasun/Desktop/Develop/serverless/tencent-http-examples/laravel/vendor/laravel/framework/src/Illuminate/Container/Container.php(596): Illuminate\\Container\\BoundMethod::call(Object(Illuminate\\Foundation\\Application), Array, Array, NULL)
#18 /Users/yugasun/Desktop/Develop/serverless/tencent-http-examples/laravel/vendor/laravel/framework/src/Illuminate/Foundation/Application.php(867): Illuminate\\Container\\Container->call(Array)
#19 /Users/yugasun/Desktop/Develop/serverless/tencent-http-examples/laravel/vendor/laravel/framework/src/Illuminate/Foundation/Application.php(850): Illuminate\\Foundation\\Application->bootProvider(Object(Facade\\Ignition\\IgnitionServiceProvider))
#20 [internal function]: Illuminate\\Foundation\\Application->Illuminate\\Foundation\\{closure}(Object(Facade\\Ignition\\IgnitionServiceProvider), 14)
#21 /Users/yugasun/Desktop/Develop/serverless/tencent-http-examples/laravel/vendor/laravel/framework/src/Illuminate/Foundation/Application.php(851): array_walk(Array, Object(Closure))
#22 /Users/yugasun/Desktop/Develop/serverless/tencent-http-examples/laravel/vendor/laravel/framework/src/Illuminate/Foundation/Bootstrap/BootProviders.php(17): Illuminate\\Foundation\\Application->boot()
#23 /Users/yugasun/Desktop/Develop/serverless/tencent-http-examples/laravel/vendor/laravel/framework/src/Illuminate/Foundation/Application.php(230): Illuminate\\Foundation\\Bootstrap\\BootProviders->bootstrap(Object(Illuminate\\Foundation\\Application))
#24 /Users/yugasun/Desktop/Develop/serverless/tencent-http-examples/laravel/vendor/laravel/framework/src/Illuminate/Foundation/Console/Kernel.php(310): Illuminate\\Foundation\\Application->bootstrapWith(Array)
#25 /Users/yugasun/Desktop/Develop/serverless/tencent-http-examples/laravel/vendor/laravel/framework/src/Illuminate/Foundation/Console/Kernel.php(127): Illuminate\\Foundation\\Console\\Kernel->bootstrap()
#26 /Users/yugasun/Desktop/Develop/serverless/tencent-http-examples/laravel/artisan(37): Illuminate\\Foundation\\Console\\Kernel->handle(Object(Symfony\\Component\\Console\\Input\\ArgvInput), Object(Symfony\\Component\\Console\\Output\\ConsoleOutput))
#27 {main}
"} 
[2023-03-01 09:02:56] local.ERROR: Please provide a valid cache path. {"exception":"[object] (InvalidArgumentException(code: 0): Please provide a valid cache path. at D:\\phpstudy_pro\\WWW\\laravel_demo-1677660502\\vendor\\laravel\\framework\\src\\Illuminate\\View\\Compilers\\Compiler.php:36)
[stacktrace]
#0 D:\\phpstudy_pro\\WWW\\laravel_demo-1677660502\\vendor\\laravel\\framework\\src\\Illuminate\\View\\ViewServiceProvider.php(91): Illuminate\\View\\Compilers\\Compiler->__construct(Object(Illuminate\\Filesystem\\Filesystem), false)
#1 D:\\phpstudy_pro\\WWW\\laravel_demo-1677660502\\vendor\\laravel\\framework\\src\\Illuminate\\Container\\Container.php(805): Illuminate\\View\\ViewServiceProvider->Illuminate\\View\\{closure}(Object(Illuminate\\Foundation\\Application), Array)
#2 D:\\phpstudy_pro\\WWW\\laravel_demo-1677660502\\vendor\\laravel\\framework\\src\\Illuminate\\Container\\Container.php(691): Illuminate\\Container\\Container->build(Object(Closure))
#3 D:\\phpstudy_pro\\WWW\\laravel_demo-1677660502\\vendor\\laravel\\framework\\src\\Illuminate\\Foundation\\Application.php(796): Illuminate\\Container\\Container->resolve('blade.compiler', Array, true)
#4 D:\\phpstudy_pro\\WWW\\laravel_demo-1677660502\\vendor\\laravel\\framework\\src\\Illuminate\\Container\\Container.php(637): Illuminate\\Foundation\\Application->resolve('blade.compiler', Array)
#5 D:\\phpstudy_pro\\WWW\\laravel_demo-1677660502\\vendor\\laravel\\framework\\src\\Illuminate\\Foundation\\Application.php(781): Illuminate\\Container\\Container->make('blade.compiler', Array)
#6 D:\\phpstudy_pro\\WWW\\laravel_demo-1677660502\\vendor\\laravel\\framework\\src\\Illuminate\\Container\\Container.php(1284): Illuminate\\Foundation\\Application->make('blade.compiler')
#7 D:\\phpstudy_pro\\WWW\\laravel_demo-1677660502\\vendor\\laravel\\framework\\src\\Illuminate\\View\\ViewServiceProvider.php(151): Illuminate\\Container\\Container->offsetGet('blade.compiler')
#8 [internal function]: Illuminate\\View\\ViewServiceProvider->Illuminate\\View\\{closure}()
#9 D:\\phpstudy_pro\\WWW\\laravel_demo-1677660502\\vendor\\laravel\\framework\\src\\Illuminate\\View\\Engines\\EngineResolver.php(55): call_user_func(Object(Closure))
#10 D:\\phpstudy_pro\\WWW\\laravel_demo-1677660502\\vendor\\facade\\ignition\\src\\IgnitionServiceProvider.php(389): Illuminate\\View\\Engines\\EngineResolver->resolve('blade')
#11 D:\\phpstudy_pro\\WWW\\laravel_demo-1677660502\\vendor\\facade\\ignition\\src\\IgnitionServiceProvider.php(125): Facade\\Ignition\\IgnitionServiceProvider->hasCustomViewEnginesRegistered()
#12 D:\\phpstudy_pro\\WWW\\laravel_demo-1677660502\\vendor\\facade\\ignition\\src\\IgnitionServiceProvider.php(84): Facade\\Ignition\\IgnitionServiceProvider->registerViewEngines()
#13 D:\\phpstudy_pro\\WWW\\laravel_demo-1677660502\\vendor\\laravel\\framework\\src\\Illuminate\\Container\\BoundMethod.php(36): Facade\\Ignition\\IgnitionServiceProvider->boot()
#14 D:\\phpstudy_pro\\WWW\\laravel_demo-1677660502\\vendor\\laravel\\framework\\src\\Illuminate\\Container\\Util.php(37): Illuminate\\Container\\BoundMethod::Illuminate\\Container\\{closure}()
#15 D:\\phpstudy_pro\\WWW\\laravel_demo-1677660502\\vendor\\laravel\\framework\\src\\Illuminate\\Container\\BoundMethod.php(93): Illuminate\\Container\\Util::unwrapIfClosure(Object(Closure))
#16 D:\\phpstudy_pro\\WWW\\laravel_demo-1677660502\\vendor\\laravel\\framework\\src\\Illuminate\\Container\\BoundMethod.php(37): Illuminate\\Container\\BoundMethod::callBoundMethod(Object(Illuminate\\Foundation\\Application), Array, Object(Closure))
#17 D:\\phpstudy_pro\\WWW\\laravel_demo-1677660502\\vendor\\laravel\\framework\\src\\Illuminate\\Container\\Container.php(596): Illuminate\\Container\\BoundMethod::call(Object(Illuminate\\Foundation\\Application), Array, Array, NULL)
#18 D:\\phpstudy_pro\\WWW\\laravel_demo-1677660502\\vendor\\laravel\\framework\\src\\Illuminate\\Foundation\\Application.php(867): Illuminate\\Container\\Container->call(Array)
#19 D:\\phpstudy_pro\\WWW\\laravel_demo-1677660502\\vendor\\laravel\\framework\\src\\Illuminate\\Foundation\\Application.php(850): Illuminate\\Foundation\\Application->bootProvider(Object(Facade\\Ignition\\IgnitionServiceProvider))
#20 [internal function]: Illuminate\\Foundation\\Application->Illuminate\\Foundation\\{closure}(Object(Facade\\Ignition\\IgnitionServiceProvider), 14)
#21 D:\\phpstudy_pro\\WWW\\laravel_demo-1677660502\\vendor\\laravel\\framework\\src\\Illuminate\\Foundation\\Application.php(851): array_walk(Array, Object(Closure))
#22 D:\\phpstudy_pro\\WWW\\laravel_demo-1677660502\\vendor\\laravel\\framework\\src\\Illuminate\\Foundation\\Bootstrap\\BootProviders.php(17): Illuminate\\Foundation\\Application->boot()
#23 D:\\phpstudy_pro\\WWW\\laravel_demo-1677660502\\vendor\\laravel\\framework\\src\\Illuminate\\Foundation\\Application.php(230): Illuminate\\Foundation\\Bootstrap\\BootProviders->bootstrap(Object(Illuminate\\Foundation\\Application))
#24 D:\\phpstudy_pro\\WWW\\laravel_demo-1677660502\\vendor\\laravel\\framework\\src\\Illuminate\\Foundation\\Http\\Kernel.php(151): Illuminate\\Foundation\\Application->bootstrapWith(Array)
#25 D:\\phpstudy_pro\\WWW\\laravel_demo-1677660502\\vendor\\laravel\\framework\\src\\Illuminate\\Foundation\\Http\\Kernel.php(135): Illuminate\\Foundation\\Http\\Kernel->bootstrap()
#26 D:\\phpstudy_pro\\WWW\\laravel_demo-1677660502\\vendor\\laravel\\framework\\src\\Illuminate\\Foundation\\Http\\Kernel.php(109): Illuminate\\Foundation\\Http\\Kernel->sendRequestThroughRouter(Object(Illuminate\\Http\\Request))
#27 D:\\phpstudy_pro\\WWW\\laravel_demo-1677660502\\public\\index.php(55): Illuminate\\Foundation\\Http\\Kernel->handle(Object(Illuminate\\Http\\Request))
#28 {main}
"} 
[2023-03-01 09:03:45] local.ERROR: Please provide a valid cache path. {"exception":"[object] (InvalidArgumentException(code: 0): Please provide a valid cache path. at D:\\phpstudy_pro\\WWW\\laravel_demo-1677660502\\vendor\\laravel\\framework\\src\\Illuminate\\View\\Compilers\\Compiler.php:36)
[stacktrace]
#0 D:\\phpstudy_pro\\WWW\\laravel_demo-1677660502\\vendor\\laravel\\framework\\src\\Illuminate\\View\\ViewServiceProvider.php(91): Illuminate\\View\\Compilers\\Compiler->__construct(Object(Illuminate\\Filesystem\\Filesystem), false)
#1 D:\\phpstudy_pro\\WWW\\laravel_demo-1677660502\\vendor\\laravel\\framework\\src\\Illuminate\\Container\\Container.php(805): Illuminate\\View\\ViewServiceProvider->Illuminate\\View\\{closure}(Object(Illuminate\\Foundation\\Application), Array)
#2 D:\\phpstudy_pro\\WWW\\laravel_demo-1677660502\\vendor\\laravel\\framework\\src\\Illuminate\\Container\\Container.php(691): Illuminate\\Container\\Container->build(Object(Closure))
#3 D:\\phpstudy_pro\\WWW\\laravel_demo-1677660502\\vendor\\laravel\\framework\\src\\Illuminate\\Foundation\\Application.php(796): Illuminate\\Container\\Container->resolve('blade.compiler', Array, true)
#4 D:\\phpstudy_pro\\WWW\\laravel_demo-1677660502\\vendor\\laravel\\framework\\src\\Illuminate\\Container\\Container.php(637): Illuminate\\Foundation\\Application->resolve('blade.compiler', Array)
#5 D:\\phpstudy_pro\\WWW\\laravel_demo-1677660502\\vendor\\laravel\\framework\\src\\Illuminate\\Foundation\\Application.php(781): Illuminate\\Container\\Container->make('blade.compiler', Array)
#6 D:\\phpstudy_pro\\WWW\\laravel_demo-1677660502\\vendor\\laravel\\framework\\src\\Illuminate\\Container\\Container.php(1284): Illuminate\\Foundation\\Application->make('blade.compiler')
#7 D:\\phpstudy_pro\\WWW\\laravel_demo-1677660502\\vendor\\laravel\\framework\\src\\Illuminate\\View\\ViewServiceProvider.php(151): Illuminate\\Container\\Container->offsetGet('blade.compiler')
#8 [internal function]: Illuminate\\View\\ViewServiceProvider->Illuminate\\View\\{closure}()
#9 D:\\phpstudy_pro\\WWW\\laravel_demo-1677660502\\vendor\\laravel\\framework\\src\\Illuminate\\View\\Engines\\EngineResolver.php(55): call_user_func(Object(Closure))
#10 D:\\phpstudy_pro\\WWW\\laravel_demo-1677660502\\vendor\\facade\\ignition\\src\\IgnitionServiceProvider.php(389): Illuminate\\View\\Engines\\EngineResolver->resolve('blade')
#11 D:\\phpstudy_pro\\WWW\\laravel_demo-1677660502\\vendor\\facade\\ignition\\src\\IgnitionServiceProvider.php(125): Facade\\Ignition\\IgnitionServiceProvider->hasCustomViewEnginesRegistered()
#12 D:\\phpstudy_pro\\WWW\\laravel_demo-1677660502\\vendor\\facade\\ignition\\src\\IgnitionServiceProvider.php(84): Facade\\Ignition\\IgnitionServiceProvider->registerViewEngines()
#13 D:\\phpstudy_pro\\WWW\\laravel_demo-1677660502\\vendor\\laravel\\framework\\src\\Illuminate\\Container\\BoundMethod.php(36): Facade\\Ignition\\IgnitionServiceProvider->boot()
#14 D:\\phpstudy_pro\\WWW\\laravel_demo-1677660502\\vendor\\laravel\\framework\\src\\Illuminate\\Container\\Util.php(37): Illuminate\\Container\\BoundMethod::Illuminate\\Container\\{closure}()
#15 D:\\phpstudy_pro\\WWW\\laravel_demo-1677660502\\vendor\\laravel\\framework\\src\\Illuminate\\Container\\BoundMethod.php(93): Illuminate\\Container\\Util::unwrapIfClosure(Object(Closure))
#16 D:\\phpstudy_pro\\WWW\\laravel_demo-1677660502\\vendor\\laravel\\framework\\src\\Illuminate\\Container\\BoundMethod.php(37): Illuminate\\Container\\BoundMethod::callBoundMethod(Object(Illuminate\\Foundation\\Application), Array, Object(Closure))
#17 D:\\phpstudy_pro\\WWW\\laravel_demo-1677660502\\vendor\\laravel\\framework\\src\\Illuminate\\Container\\Container.php(596): Illuminate\\Container\\BoundMethod::call(Object(Illuminate\\Foundation\\Application), Array, Array, NULL)
#18 D:\\phpstudy_pro\\WWW\\laravel_demo-1677660502\\vendor\\laravel\\framework\\src\\Illuminate\\Foundation\\Application.php(867): Illuminate\\Container\\Container->call(Array)
#19 D:\\phpstudy_pro\\WWW\\laravel_demo-1677660502\\vendor\\laravel\\framework\\src\\Illuminate\\Foundation\\Application.php(850): Illuminate\\Foundation\\Application->bootProvider(Object(Facade\\Ignition\\IgnitionServiceProvider))
#20 [internal function]: Illuminate\\Foundation\\Application->Illuminate\\Foundation\\{closure}(Object(Facade\\Ignition\\IgnitionServiceProvider), 14)
#21 D:\\phpstudy_pro\\WWW\\laravel_demo-1677660502\\vendor\\laravel\\framework\\src\\Illuminate\\Foundation\\Application.php(851): array_walk(Array, Object(Closure))
#22 D:\\phpstudy_pro\\WWW\\laravel_demo-1677660502\\vendor\\laravel\\framework\\src\\Illuminate\\Foundation\\Bootstrap\\BootProviders.php(17): Illuminate\\Foundation\\Application->boot()
#23 D:\\phpstudy_pro\\WWW\\laravel_demo-1677660502\\vendor\\laravel\\framework\\src\\Illuminate\\Foundation\\Application.php(230): Illuminate\\Foundation\\Bootstrap\\BootProviders->bootstrap(Object(Illuminate\\Foundation\\Application))
#24 D:\\phpstudy_pro\\WWW\\laravel_demo-1677660502\\vendor\\laravel\\framework\\src\\Illuminate\\Foundation\\Http\\Kernel.php(151): Illuminate\\Foundation\\Application->bootstrapWith(Array)
#25 D:\\phpstudy_pro\\WWW\\laravel_demo-1677660502\\vendor\\laravel\\framework\\src\\Illuminate\\Foundation\\Http\\Kernel.php(135): Illuminate\\Foundation\\Http\\Kernel->bootstrap()
#26 D:\\phpstudy_pro\\WWW\\laravel_demo-1677660502\\vendor\\laravel\\framework\\src\\Illuminate\\Foundation\\Http\\Kernel.php(109): Illuminate\\Foundation\\Http\\Kernel->sendRequestThroughRouter(Object(Illuminate\\Http\\Request))
#27 D:\\phpstudy_pro\\WWW\\laravel_demo-1677660502\\public\\index.php(55): Illuminate\\Foundation\\Http\\Kernel->handle(Object(Illuminate\\Http\\Request))
#28 {main}
"} 
[2023-03-02 07:17:24] local.ERROR: Undefined property: App\Http\Controllers\Api\TextController::$user_id {"exception":"[object] (ErrorException(code: 0): Undefined property: App\\Http\\Controllers\\Api\\TextController::$user_id at D:\\phpstudy_pro\\WWW\\laravel_demo-1677660502\\app\\Http\\Controllers\\Api\\TextController.php:21)
[stacktrace]
#0 D:\\phpstudy_pro\\WWW\\laravel_demo-1677660502\\app\\Http\\Controllers\\Api\\TextController.php(21): Illuminate\\Foundation\\Bootstrap\\HandleExceptions->handleError(8, 'Undefined prope...', 'D:\\\\phpstudy_pro...', 21, Array)
#1 D:\\phpstudy_pro\\WWW\\laravel_demo-1677660502\\vendor\\laravel\\framework\\src\\Illuminate\\Routing\\Controller.php(54): App\\Http\\Controllers\\Api\\TextController->text_token()
#2 D:\\phpstudy_pro\\WWW\\laravel_demo-1677660502\\vendor\\laravel\\framework\\src\\Illuminate\\Routing\\ControllerDispatcher.php(45): Illuminate\\Routing\\Controller->callAction('text_token', Array)
#3 D:\\phpstudy_pro\\WWW\\laravel_demo-1677660502\\vendor\\laravel\\framework\\src\\Illuminate\\Routing\\Route.php(239): Illuminate\\Routing\\ControllerDispatcher->dispatch(Object(Illuminate\\Routing\\Route), Object(App\\Http\\Controllers\\Api\\TextController), 'text_token')
#4 D:\\phpstudy_pro\\WWW\\laravel_demo-1677660502\\vendor\\laravel\\framework\\src\\Illuminate\\Routing\\Route.php(196): Illuminate\\Routing\\Route->runController()
#5 D:\\phpstudy_pro\\WWW\\laravel_demo-1677660502\\vendor\\laravel\\framework\\src\\Illuminate\\Routing\\Router.php(685): Illuminate\\Routing\\Route->run()
#6 D:\\phpstudy_pro\\WWW\\laravel_demo-1677660502\\vendor\\laravel\\framework\\src\\Illuminate\\Pipeline\\Pipeline.php(128): Illuminate\\Routing\\Router->Illuminate\\Routing\\{closure}(Object(Illuminate\\Http\\Request))
#7 D:\\phpstudy_pro\\WWW\\laravel_demo-1677660502\\vendor\\laravel\\framework\\src\\Illuminate\\Routing\\Middleware\\SubstituteBindings.php(41): Illuminate\\Pipeline\\Pipeline->Illuminate\\Pipeline\\{closure}(Object(Illuminate\\Http\\Request))
#8 D:\\phpstudy_pro\\WWW\\laravel_demo-1677660502\\vendor\\laravel\\framework\\src\\Illuminate\\Pipeline\\Pipeline.php(167): Illuminate\\Routing\\Middleware\\SubstituteBindings->handle(Object(Illuminate\\Http\\Request), Object(Closure))
#9 D:\\phpstudy_pro\\WWW\\laravel_demo-1677660502\\vendor\\laravel\\framework\\src\\Illuminate\\Routing\\Middleware\\ThrottleRequests.php(59): Illuminate\\Pipeline\\Pipeline->Illuminate\\Pipeline\\{closure}(Object(Illuminate\\Http\\Request))
#10 D:\\phpstudy_pro\\WWW\\laravel_demo-1677660502\\vendor\\laravel\\framework\\src\\Illuminate\\Pipeline\\Pipeline.php(167): Illuminate\\Routing\\Middleware\\ThrottleRequests->handle(Object(Illuminate\\Http\\Request), Object(Closure), 60, '1')
#11 D:\\phpstudy_pro\\WWW\\laravel_demo-1677660502\\vendor\\laravel\\framework\\src\\Illuminate\\Pipeline\\Pipeline.php(103): Illuminate\\Pipeline\\Pipeline->Illuminate\\Pipeline\\{closure}(Object(Illuminate\\Http\\Request))
#12 D:\\phpstudy_pro\\WWW\\laravel_demo-1677660502\\vendor\\laravel\\framework\\src\\Illuminate\\Routing\\Router.php(687): Illuminate\\Pipeline\\Pipeline->then(Object(Closure))
#13 D:\\phpstudy_pro\\WWW\\laravel_demo-1677660502\\vendor\\laravel\\framework\\src\\Illuminate\\Routing\\Router.php(662): Illuminate\\Routing\\Router->runRouteWithinStack(Object(Illuminate\\Routing\\Route), Object(Illuminate\\Http\\Request))
#14 D:\\phpstudy_pro\\WWW\\laravel_demo-1677660502\\vendor\\laravel\\framework\\src\\Illuminate\\Routing\\Router.php(628): Illuminate\\Routing\\Router->runRoute(Object(Illuminate\\Http\\Request), Object(Illuminate\\Routing\\Route))
#15 D:\\phpstudy_pro\\WWW\\laravel_demo-1677660502\\vendor\\laravel\\framework\\src\\Illuminate\\Routing\\Router.php(617): Illuminate\\Routing\\Router->dispatchToRoute(Object(Illuminate\\Http\\Request))
#16 D:\\phpstudy_pro\\WWW\\laravel_demo-1677660502\\vendor\\laravel\\framework\\src\\Illuminate\\Foundation\\Http\\Kernel.php(165): Illuminate\\Routing\\Router->dispatch(Object(Illuminate\\Http\\Request))
#17 D:\\phpstudy_pro\\WWW\\laravel_demo-1677660502\\vendor\\laravel\\framework\\src\\Illuminate\\Pipeline\\Pipeline.php(128): Illuminate\\Foundation\\Http\\Kernel->Illuminate\\Foundation\\Http\\{closure}(Object(Illuminate\\Http\\Request))
#18 D:\\phpstudy_pro\\WWW\\laravel_demo-1677660502\\vendor\\laravel\\framework\\src\\Illuminate\\Foundation\\Http\\Middleware\\TransformsRequest.php(21): Illuminate\\Pipeline\\Pipeline->Illuminate\\Pipeline\\{closure}(Object(Illuminate\\Http\\Request))
#19 D:\\phpstudy_pro\\WWW\\laravel_demo-1677660502\\vendor\\laravel\\framework\\src\\Illuminate\\Pipeline\\Pipeline.php(167): Illuminate\\Foundation\\Http\\Middleware\\TransformsRequest->handle(Object(Illuminate\\Http\\Request), Object(Closure))
#20 D:\\phpstudy_pro\\WWW\\laravel_demo-1677660502\\vendor\\laravel\\framework\\src\\Illuminate\\Foundation\\Http\\Middleware\\TransformsRequest.php(21): Illuminate\\Pipeline\\Pipeline->Illuminate\\Pipeline\\{closure}(Object(Illuminate\\Http\\Request))
#21 D:\\phpstudy_pro\\WWW\\laravel_demo-1677660502\\vendor\\laravel\\framework\\src\\Illuminate\\Pipeline\\Pipeline.php(167): Illuminate\\Foundation\\Http\\Middleware\\TransformsRequest->handle(Object(Illuminate\\Http\\Request), Object(Closure))
#22 D:\\phpstudy_pro\\WWW\\laravel_demo-1677660502\\vendor\\laravel\\framework\\src\\Illuminate\\Foundation\\Http\\Middleware\\ValidatePostSize.php(27): Illuminate\\Pipeline\\Pipeline->Illuminate\\Pipeline\\{closure}(Object(Illuminate\\Http\\Request))
#23 D:\\phpstudy_pro\\WWW\\laravel_demo-1677660502\\vendor\\laravel\\framework\\src\\Illuminate\\Pipeline\\Pipeline.php(167): Illuminate\\Foundation\\Http\\Middleware\\ValidatePostSize->handle(Object(Illuminate\\Http\\Request), Object(Closure))
#24 D:\\phpstudy_pro\\WWW\\laravel_demo-1677660502\\vendor\\laravel\\framework\\src\\Illuminate\\Foundation\\Http\\Middleware\\CheckForMaintenanceMode.php(63): Illuminate\\Pipeline\\Pipeline->Illuminate\\Pipeline\\{closure}(Object(Illuminate\\Http\\Request))
#25 D:\\phpstudy_pro\\WWW\\laravel_demo-1677660502\\vendor\\laravel\\framework\\src\\Illuminate\\Pipeline\\Pipeline.php(167): Illuminate\\Foundation\\Http\\Middleware\\CheckForMaintenanceMode->handle(Object(Illuminate\\Http\\Request), Object(Closure))
#26 D:\\phpstudy_pro\\WWW\\laravel_demo-1677660502\\vendor\\fruitcake\\laravel-cors\\src\\HandleCors.php(37): Illuminate\\Pipeline\\Pipeline->Illuminate\\Pipeline\\{closure}(Object(Illuminate\\Http\\Request))
#27 D:\\phpstudy_pro\\WWW\\laravel_demo-1677660502\\vendor\\laravel\\framework\\src\\Illuminate\\Pipeline\\Pipeline.php(167): Fruitcake\\Cors\\HandleCors->handle(Object(Illuminate\\Http\\Request), Object(Closure))
#28 D:\\phpstudy_pro\\WWW\\laravel_demo-1677660502\\vendor\\fideloper\\proxy\\src\\TrustProxies.php(57): Illuminate\\Pipeline\\Pipeline->Illuminate\\Pipeline\\{closure}(Object(Illuminate\\Http\\Request))
#29 D:\\phpstudy_pro\\WWW\\laravel_demo-1677660502\\vendor\\laravel\\framework\\src\\Illuminate\\Pipeline\\Pipeline.php(167): Fideloper\\Proxy\\TrustProxies->handle(Object(Illuminate\\Http\\Request), Object(Closure))
#30 D:\\phpstudy_pro\\WWW\\laravel_demo-1677660502\\vendor\\laravel\\framework\\src\\Illuminate\\Pipeline\\Pipeline.php(103): Illuminate\\Pipeline\\Pipeline->Illuminate\\Pipeline\\{closure}(Object(Illuminate\\Http\\Request))
#31 D:\\phpstudy_pro\\WWW\\laravel_demo-1677660502\\vendor\\laravel\\framework\\src\\Illuminate\\Foundation\\Http\\Kernel.php(140): Illuminate\\Pipeline\\Pipeline->then(Object(Closure))
#32 D:\\phpstudy_pro\\WWW\\laravel_demo-1677660502\\vendor\\laravel\\framework\\src\\Illuminate\\Foundation\\Http\\Kernel.php(109): Illuminate\\Foundation\\Http\\Kernel->sendRequestThroughRouter(Object(Illuminate\\Http\\Request))
#33 D:\\phpstudy_pro\\WWW\\laravel_demo-1677660502\\public\\index.php(55): Illuminate\\Foundation\\Http\\Kernel->handle(Object(Illuminate\\Http\\Request))
#34 {main}
"} 
